[2023-06-05 04:39:53] local.ERROR: Uncaught ReflectionException: Class App\Policies\ModelPolicy does not exist in Command line code:1
Stack trace:
#0 Command line code(1): ReflectionClass->__construct('App\\Policies\\Mo...')
#1 [internal function]: {closure}('App\\Policies\\Mo...', 'App\\Model')
#2 Command line code(1): array_map(Object(Closure), Array, Array)
#3 {main}
  thrown {"exception":"[object] (Symfony\\Component\\ErrorHandler\\Error\\FatalE[2023-06-05 04:39:53] local.ERROR: Uncaught ReflectionException: Class Illuminate\Foundation\Http\Middleware\Authorize does not exist in Command line code:1
Stack trace:
#0 Command line code(1): ReflectionMethod->__construct('Illuminate\\Foun...', 'handle')
#1 {main}
  thrown {"exception":"[object] (Symfony\\Component\\ErrorHandler\\Error\\FatalError(code: 0): Uncaught ReflectionException: Class Illuminate\\Foundation\\Http\\Middleware\\Authorize does not exist in Command line code:1
Stack trace:
#0 Command line code(1): ReflectionMethod->__construct('Illuminate\\\\Foun...', 'handle')
#1 {main}
  thrown at Command line code:1)
[stacktrace]
#0 {main}
"} 
[2023-06-05 04:40:44] local.ERROR: Uncaught ReflectionException: Class App\Policies\ModelPolicy does not exist in Command line code:1
Stack trace:
#0 Command line code(1): ReflectionClass->__construct('App\\Policies\\Mo...')
#1 [internal function]: {closure}('App\\Policies\\Mo...', 'App\\Model')
#2 Command line code(1): array_map(Object(Closure), Array, Array)
#3 {main}
  thrown {"exception":"[object] (Symfony\\Component\\ErrorHandler\\Error\\FatalError(code: 0): Uncaught ReflectionException: Class App\\Policies\\ModelPolicy does not exist in Command line code:1
Stack trace:
#0 Command line code(1): ReflectionClass->__construct('App\\\\Policies\\\\Mo...')
#1 [internal function]: {closure}('App\\\\Policies\\\\Mo...', 'App\\\\Model')
#2 Command line code(1): array_map(Object(Closure), Array, Array)
#3 {main}
  thrown at Command line code:1)
[stacktrace]
#0 {main}
"} 
[2023-06-05 04:40:44] local.ERROR: Cannot redeclare media_url() (previously declared in C:\xampp\htdocs\themeqx-classifieds-v.5.0\app\helpers.php:17) {"exception":"[object] (Symfony\\Component\\ErrorHandler\\Error\\FatalError(code: 0): Cannot redeclare media_url() (previously declared in C:\\xampp\\htdocs\\themeqx-classifieds-v.5.0\\app\\helpers.php:17) at C:\\xampp\\htdocs\\themeqx-classifieds-v.5.0\\app\\helpers.php:42)
[stacktrace]
#0 {main}
"} 
[2023-06-05 04:41:12] local.ERROR: Uncaught ReflectionException: Class App\Policies\ModelPolicy does not exist in Command line code:1
Stack trace:
#0 Command line code(1): ReflectionClass->__construct('App\\Policies\\Mo...')
#1 [internal function]: {closure}('App\\Policies\\Mo...', 'App\\Model')
#2 Command line code(1): array_map(Object(Closure), Array, Array)
#3 {main}
  thrown {"exception":"[object] (Symfony\\Component\\ErrorHandler\\Error\\FatalError(code: 0): Uncaught ReflectionException: Class App\\Policies\\ModelPolicy does not exist in Command line code:1
Stack trace:
#0 Command line code(1): ReflectionClass->__construct('App\\\\Policies\\\\Mo...')
#1 [internal function]: {closure}('App\\\\Policies\\\\Mo...', 'App\\\\Model')
#2 Command line code(1): array_map(Object(Closure), Array, Array)
#3 {main}
  thrown at Command line code:1)
[stacktrace]
#0 {main}
"} 
[2023-06-05 04:41:12] local.ERROR: Cannot redeclare media_url() (previously declared in C:\xampp\htdocs\themeqx-classifieds-v.5.0\app\helpers.php:17) {"exception":"[object] (Symfony\\Component\\ErrorHandler\\Error\\FatalError(code: 0): Cannot redeclare media_url() (previously declared in C:\\xampp\\htdocs\\themeqx-classifieds-v.5.0\\app\\helpers.php:17) at C:\\xampp\\htdocs\\themeqx-classifieds-v.5.0\\app\\helpers.php:42)
[stacktrace]
#0 {main}
"} 
[2023-06-05 04:42:38] local.ERROR: Cannot redeclare media_url() (previously declared in C:\xampp\htdocs\themeqx-classifieds-v.5.0\app\helpers.php:17) {"exception":"[object] (Symfony\\Component\\ErrorHandler\\Error\\FatalError(code: 0): Cannot redeclare media_url() (previously declared in C:\\xampp\\htdocs\\themeqx-classifieds-v.5.0\\app\\helpers.php:17) at C:\\xampp\\htdocs\\themeqx-classifieds-v.5.0\\app\\helpers.php:42)
[stacktrace]
#0 {main}
"} 
rror(code: 0): Uncaught ReflectionException: Class App\\Policies\\ModelPolicy does not exist in Command line code:1
Stack trace:
#0 Command line code(1): ReflectionClass->__construct('App\\\\Policies\\\\Mo...')
#1 [internal function]: {closure}('App\\\\Policies\\\\Mo...', 'App\\\\Model')
#2 Command line code(1): array_map(Object(Closure), Array, Array)
#3 {main}
  thrown at Command line code:1)
[stacktrace]
#0 {main}
"} 
[2023-06-05 04:43:09] local.ERROR: Uncaught ReflectionException: Class App\Policies\ModelPolicy does not exist in Command line code:1
Stack trace:
#0 Command line code(1): ReflectionClass->__construct('App\\Policies\\Mo...')
#1 [internal function]: {closure}('App\\Policies\\Mo...', 'App\\Model')
#2 Command line code(1): array_map(Object(Closure), Array, Array)
#3 {main}
  thrown {"exception":"[object] (Symfony\\Component\\ErrorHandler\\Error\\FatalError(code: 0): Uncaught ReflectionException: Class App\\Policies\\ModelPolicy does not exist in Command line code:1
Stack trace:
#0 Command line code(1): ReflectionClass->__construct('App\\\\Policies\\\\Mo...')
#1 [internal function]: {closure}('App\\\\Policies\\\\Mo...', 'App\\\\Model')
#2 Command line code(1): array_map(Object(Closure), Array, Array)
#3 {main}
  thrown at Command line code:1)
[stacktrace]
#0 {main}
"} 
[2023-06-05 04:43:09] local.ERROR: Cannot redeclare media_url() (previously declared in C:\xampp\htdocs\themeqx-classifieds-v.5.0\app\helpers.php:17) {"exception":"[object] (Symfony\\Component\\ErrorHandler\\Error\\FatalError(code: 0): Cannot redeclare media_url() (previously declared in C:\\xampp\\htdocs\\themeqx-classifieds-v.5.0\\app\\helpers.php:17) at C:\\xampp\\htdocs\\themeqx-classifieds-v.5.0\\app\\helpers.php:42)
[stacktrace]
#0 {main}
"} 
[2023-06-05 04:44:12] local.ERROR: Cannot redeclare media_url() (previously declared in C:\xampp\htdocs\themeqx-classifieds-v.5.0\app\helpers.php:17) {"exception":"[object] (Symfony\\Component\\ErrorHandler\\Error\\FatalError(code: 0): Cannot redeclare media_url() (previously declared in C:\\xampp\\htdocs\\themeqx-classifieds-v.5.0\\app\\helpers.php:17) at C:\\xampp\\htdocs\\themeqx-classifieds-v.5.0\\app\\helpers.php:42)
[stacktrace]
#0 {main}
"} 
rror(code: 0): Uncaught ReflectionException: Class App\\Policies\\ModelPolicy does not exist in Command line code:1
Stack trace:
#0 Command line code(1): ReflectionClass->__construct('App\\\\Policies\\\\Mo...')
#1 [internal function]: {closure}('App\\\\Policies\\\\Mo...', 'App\\\\Model')
#2 Command line code(1): array_map(Object(Closure), Array, Array)
#3 {main}
  thrown at Command line code:1)
[stacktrace]
#0 {main}
"} 
[2023-06-05 04:45:17] local.ERROR: Uncaught ReflectionException: Class App\Policies\ModelPolicy does not exist in Command line code:1
Stack trace:
#0 Command line code(1): ReflectionClass->__construct('App\\Policies\\Mo...')
#1 [internal function]: {closure}('App\\Policies\\Mo...', 'App\\Model')
#2 Command line code(1): array_map(Object(Closure), Array, Array)
#3 {main}
  thrown {"exception":"[object] (Symfony\\Component\\ErrorHandler\\Error\\FatalError(code: 0): Uncaught ReflectionException: Class App\\Policies\\ModelPolicy does not exist in Command line code:1
Stack trace:
#0 Command line code(1): ReflectionClass->__construct('App\\\\Policies\\\\Mo...')
#1 [internal function]: {closure}('App\\\\Policies\\\\Mo...', 'App\\\\Model')
#2 Command line code(1): array_map(Object(Closure), Array, Array)
#3 {main}
  thrown at Command line code:1)
[stacktrace]
#0 {main}
"} 
[2023-06-05 04:46:08] local.ERROR: Cannot redeclare media_url() (previously declared in C:\xampp\htdocs\themeqx-classifieds-v.5.0\app\helpers.php:17) {"exception":"[object] (Symfony\\Component\\ErrorHandler\\Error\\FatalError(code: 0): Cannot redeclare media_url() (previously declared in C:\\xampp\\htdocs\\themeqx-classifieds-v.5.0\\app\\helpers.php:17) at C:\\xampp\\htdocs\\themeqx-classifieds-v.5.0\\app\\helpers.php:42)
[stacktrace]
#0 {main}
"} 
[2023-06-05 04:46:08] local.ERROR: Uncaught ReflectionException: Class App\Policies\ModelPolicy does not exist in Command line code:1
Stack trace:
#0 Command line code(1): ReflectionClass->__construct('App\\Policies\\Mo...')
#1 [internal function]: {closure}('App\\Policies\\Mo...', 'App\\Model')
#2 Command line code(1): array_map(Object(Closure), Array, Array)
#3 {main}
  thrown {"exception":"[object] (Symfony\\Component\\ErrorHandler\\Error\\FatalError(code: 0): Uncaught ReflectionException: Class App\\Policies\\ModelPolicy does not exist in Command line code:1
Stack trace:
#0 Command line code(1): ReflectionClass->__construct('App\\\\Policies\\\\Mo...')
#1 [internal function]: {closure}('App\\\\Policies\\\\Mo...', 'App\\\\Model')
#2 Command line code(1): array_map(Object(Closure), Array, Array)
#3 {main}
  thrown at Command line code:1)
[stacktrace]
#0 {main}
"} 
[2023-06-05 04:47:09] local.ERROR: Uncaught ReflectionException: Class App\Policies\ModelPolicy does not exist in Command line code:1
Stack trace:
#0 Command line code(1): ReflectionClass->__construct('App\\Policies\\Mo...')
#1 [internal function]: {closure}('App\\Policies\\Mo...', 'App\\Model')
#2 Command line code(1): array_map(Object(Closure), Array, Array)
#3 {main}
  thrown {"exception":"[object] (Symfony\\Component\\ErrorHandler\\Error\\FatalError(code: 0): Uncaught ReflectionException: Class App\\Policies\\ModelPolicy does not exist in Command line code:1
Stack trace:
#0 Command line code(1): ReflectionClass->__construct('App\\\\Policies\\\\Mo...')
#1 [internal function]: {closure}('App\\\\Policies\\\\Mo...', 'App\\\\Model')
#2 Command line code(1): array_map(Object(Closure), Array, Array)
#3 {main}
  thrown at Command line code:1)
[stacktrace]
#0 {main}
"} 
[2023-06-05 04:47:09] local.ERROR: Cannot redeclare media_url() (previously declared in C:\xampp\htdocs\themeqx-classifieds-v.5.0\app\helpers.php:17) {"exception":"[object] (Symfony\\Component\\ErrorHandler\\Error\\FatalError(code: 0): Cannot redeclare media_url() (previously declared in C:\\xampp\\htdocs\\themeqx-classifieds-v.5.0\\app\\helpers.php:17) at C:\\xampp\\htdocs\\themeqx-classifieds-v.5.0\\app\\helpers.php:42)
[stacktrace]
#0 {main}
"} 
[2023-06-05 04:49:59] local.ERROR: Uncaught ReflectionException: Class App\Policies\ModelPolicy does not exist in Command line code:1
Stack trace:
#0 Command line code(1): ReflectionClass->__construct('App\\Policies\\Mo...')
#1 [internal function]: {closure}('App\\Policies\\Mo...', 'App\\Model')
#2 Command line code(1): array_map(Object(Closure), Array, Array)
#3 {main}
  thrown {"exception":"[object] (Symfony\\Component\\ErrorHandler\\Error\\FatalError(code: 0): Uncaught ReflectionException: Class App\\Policies\\ModelPolicy does not exist in Command line code:1
Stack trace:
#0 Command line code(1): ReflectionClass->__construct('App\\\\Policies\\\\Mo...')
#1 [internal function]: {closure}('App\\\\Policies\\\\Mo...', 'App\\\\Model')
#2 Command line code(1): array_map(Object(Closure), Array, Array)
#3 {main}
  thrown at Command line code:1)
[stacktrace]
#0 {main}
"} 
[2023-06-05 04:50:00] local.ERROR: Cannot redeclare media_url() (previously declared in C:\xampp\htdocs\themeqx-classifieds-v.5.0\app\helpers.php:17) {"exception":"[object] (Symfony\\Component\\ErrorHandler\\Error\\FatalError(code: 0): Cannot redeclare media_url() (previously declared in C:\\xampp\\htdocs\\themeqx-classifieds-v.5.0\\app\\helpers.php:17) at C:\\xampp\\htdocs\\themeqx-classifieds-v.5.0\\app\\helpers.php:42)
[stacktrace]
#0 {main}
"} 
[2023-06-05 05:36:13] local.ERROR: Uncaught ReflectionException: Class App\Policies\ModelPolicy does not exist in Command line code:1
Stack trace:
#0 Command line code(1): ReflectionClass->__construct('App\\Policies\\Mo...')
#1 [internal function]: {closure}('App\\Policies\\Mo...', 'App\\Model')
#2 Command line code(1): array_map(Object(Closure), Array, Array)
#3 {main}
  thrown {"exception":"[object] (Symfony\\Component\\ErrorHandler\\Error\\FatalError(code: 0): Uncaught ReflectionException: Class App\\Policies\\ModelPolicy does not exist in Command line code:1
Stack trace:
#0 Command line code(1): ReflectionClass->__construct('App\\\\Policies\\\\Mo...')
#1 [internal function]: {closure}('App\\\\Policies\\\\Mo...', 'App\\\\Model')
#2 Command line code(1): array_map(Object(Closure), Array, Array)
#3 {main}
  thrown at Command line code:1)
[stacktrace]
#0 {main}
"} 
[2023-06-05 05:36:14] local.ERROR: Cannot redeclare media_url() (previously declared in C:\xampp\htdocs\themeqx-classifieds-v.5.0\app\helpers.php:17) {"exception":"[object] (Symfony\\Component\\ErrorHandler\\Error\\FatalError(code: 0): Cannot redeclare media_url() (previously declared in C:\\xampp\\htdocs\\themeqx-classifieds-v.5.0\\app\\helpers.php:17) at C:\\xampp\\htdocs\\themeqx-classifieds-v.5.0\\app\\helpers.php:42)
[stacktrace]
#0 {main}
"} 
[2023-06-05 05:37:22] local.ERROR: Uncaught ReflectionException: Class App\Policies\ModelPolicy does not exist in Command line code:1
Stack trace:
#0 Command line code(1): ReflectionClass->__construct('App\\Policies\\Mo...')
#1 [internal function]: {closure}('App\\Policies\\Mo...', 'App\\Model')
#2 Command line code(1): array_map(Object(Closure), Array, Array)
#3 {main}
  thrown {"exception":"[object] (Symfony\\Component\\ErrorHandler\\Error\\FatalError(code: 0): Uncaught ReflectionException: Class App\\Policies\\ModelPolicy does not exist in Command line code:1
Stack trace:
#0 Command line code(1): ReflectionClass->__construct('App\\\\Policies\\\\Mo...')
#1 [internal function]: {closure}('App\\\\Policies\\\\Mo...', 'App\\\\Model')
#2 Command line code(1): array_map(Object(Closure), Array, Array)
#3 {main}
  thrown at Command line code:1)
[stacktrace]
#0 {main}
"} 
[2023-06-05 05:37:22] local.ERROR: Cannot redeclare media_url() (previously declared in C:\xampp\htdocs\themeqx-classifieds-v.5.0\app\helpers.php:17) {"exception":"[object] (Symfony\\Component\\ErrorHandler\\Error\\FatalError(code: 0): Cannot redeclare media_url() (previously declared in C:\\xampp\\htdocs\\themeqx-classifieds-v.5.0\\app\\helpers.php:17) at C:\\xampp\\htdocs\\themeqx-classifieds-v.5.0\\app\\helpers.php:42)
[stacktrace]
#0 {main}
"} 
[2023-06-05 05:38:10] local.ERROR: Uncaught ReflectionException: Class App\Policies\ModelPolicy does not exist in Command line code:1
Stack trace:
#0 Command line code(1): ReflectionClass->__construct('App\\Policies\\Mo...')
#1 [internal function]: {closure}('App\\Policies\\Mo...', 'App\\Model')
#2 Command line code(1): array_map(Object(Closure), Array, Array)
#3 {main}
  thrown {"exception":"[object] (Symfony\\Component\\ErrorHandler\\Error\\FatalError(code: 0): Uncaught ReflectionException: Class App\\Policies\\ModelPolicy does not exist in Command line code:1
Stack trace:
#0 Command line code(1): ReflectionClass->__construct('App\\\\Policies\\\\Mo...')
#1 [internal function]: {closure}('App\\\\Policies\\\\Mo...', 'App\\\\Model')
#2 Command line code(1): array_map(Object(Closure), Array, Array)
#3 {main}
  thrown at Command line code:1)
[stacktrace]
#0 {main}
"} 
[2023-06-05 05:38:10] local.ERROR: Cannot redeclare media_url() (previously declared in C:\xampp\htdocs\themeqx-classifieds-v.5.0\app\helpers.php:17) {"exception":"[object] (Symfony\\Component\\ErrorHandler\\Error\\FatalError(code: 0): Cannot redeclare media_url() (previously declared in C:\\xampp\\htdocs\\themeqx-classifieds-v.5.0\\app\\helpers.php:17) at C:\\xampp\\htdocs\\themeqx-classifieds-v.5.0\\app\\helpers.php:42)
[stacktrace]
#0 {main}
"} 
[2023-06-05 05:39:09] local.ERROR: Uncaught ReflectionException: Class App\Policies\ModelPolicy does not exist in Command line code:1
Stack trace:
#0 Command line code(1): ReflectionClass->__construct('App\\Policies\\Mo...')
#1 [internal function]: {closure}('App\\Policies\\Mo...', 'App\\Model')
#2 Command line code(1): array_map(Object(Closure), Array, Array)
#3 {main}
  thrown {"exception":"[object] (Symfony\\Component\\ErrorHandler\\Error\\FatalError(code: 0): Uncaught ReflectionException: Class App\\Policies\\ModelPolicy does not exist in Command line code:1
Stack trace:
#0 Command line code(1): ReflectionClass->__construct('App\\\\Policies\\\\Mo...')
#1 [internal function]: {closure}('App\\\\Policies\\\\Mo...', 'App\\\\Model')
#2 Command line code(1): array_map(Object(Closure), Array, Array)
#3 {main}
  thrown at Command line code:1)
[stacktrace]
#0 {main}
"} 
[2023-06-05 05:39:09] local.ERROR: Cannot redeclare media_url() (previously declared in C:\xampp\htdocs\themeqx-classifieds-v.5.0\app\helpers.php:17) {"exception":"[object] (Symfony\\Component\\ErrorHandler\\Error\\FatalError(code: 0): Cannot redeclare media_url() (previously declared in C:\\xampp\\htdocs\\themeqx-classifieds-v.5.0\\app\\helpers.php:17) at C:\\xampp\\htdocs\\themeqx-classifieds-v.5.0\\app\\helpers.php:42)
[stacktrace]
#0 {main}
"} 
[2023-06-05 05:40:09] local.ERROR: Uncaught ReflectionException: Class App\Policies\ModelPolicy does not exist in Command line code:1
Stack trace:
#0 Command line code(1): ReflectionClass->__construct('App\\Policies\\Mo...')
#1 [internal function]: {closure}('App\\Policies\\Mo...', 'App\\Model')
#2 Command line code(1): array_map(Object(Closure), Array, Array)
#3 {main}
  thrown {"exception":"[object] (Symfony\\Component\\ErrorHandler\\Error\\FatalError(code: 0): Uncaught ReflectionException: Class App\\Policies\\ModelPolicy does not exist in Command line code:1
Stack trace:
#0 Command line code(1): ReflectionClass->__construct('App\\\\Policies\\\\Mo...')
#1 [internal function]: {closure}('App\\\\Policies\\\\Mo...', 'App\\\\Model')
#2 Command line code(1): array_map(Object(Closure), Array, Array)
#3 {main}
  thrown at Command line code:1)
[stacktrace]
#0 {main}
"} 
[2023-06-05 05:40:09] local.ERROR: Cannot redeclare media_url() (previously declared in C:\xampp\htdocs\themeqx-classifieds-v.5.0\app\helpers.php:17) {"exception":"[object] (Symfony\\Component\\ErrorHandler\\Error\\FatalError(code: 0): Cannot redeclare media_url() (previously declared in C:\\xampp\\htdocs\\themeqx-classifieds-v.5.0\\app\\helpers.php:17) at C:\\xampp\\htdocs\\themeqx-classifieds-v.5.0\\app\\helpers.php:42)
[stacktrace]
#0 {main}
"} 
[2023-06-05 05:41:09] local.ERROR: Uncaught ReflectionException: Class App\Policies\ModelPolicy does not exist in Command line code:1
Stack trace:
#0 Command line code(1): ReflectionClass->__construct('App\\Policies\\Mo...')
#1 [internal function]: {closure}('App\\Policies\\Mo...', 'App\\Model')
#2 Command line code(1): array_map(Object(Closure), Array, Array)
#3 {main}
  thrown {"exception":"[object] (Symfony\\Component\\ErrorHandler\\Error\\FatalError(code: 0): Uncaught ReflectionException: Class App\\Policies\\ModelPolicy does not exist in Command line code:1
Stack trace:
#0 Command line code(1): ReflectionClass->__construct('App\\\\Policies\\\\Mo...')
#1 [internal function]: {closure}('App\\\\Policies\\\\Mo...', 'App\\\\Model')
#2 Command line code(1): array_map(Object(Closure), Array, Array)
#3 {main}
  thrown at Command line code:1)
[stacktrace]
#0 {main}
"} 
[2023-06-05 05:41:10] local.ERROR: Cannot redeclare media_url() (previously declared in C:\xampp\htdocs\themeqx-classifieds-v.5.0\app\helpers.php:17) {"exception":"[object] (Symfony\\Component\\ErrorHandler\\Error\\FatalError(code: 0): Cannot redeclare media_url() (previously declared in C:\\xampp\\htdocs\\themeqx-classifieds-v.5.0\\app\\helpers.php:17) at C:\\xampp\\htdocs\\themeqx-classifieds-v.5.0\\app\\helpers.php:42)
[stacktrace]
#0 {main}
"} 
[2023-06-05 05:42:09] local.ERROR: Cannot redeclare media_url() (previously declared in C:\xampp\htdocs\themeqx-classifieds-v.5.0\app\helpers.php:17) {"exception":"[object] (Symfony\\Component\\ErrorHandler\\Error\\FatalError(code: 0): Cannot redeclare media_url() (previously declared in C:\\xampp\\htdocs\\themeqx-classifieds-v.5.0\\app\\helpers.php:17) at C:\\xampp\\htdocs\\themeqx-classifieds-v.5.0\\app\\helpers.php:42)
[stacktrace]
#0 {main}
"} 
[2023-06-05 05:42:09] local.ERROR: Uncaught ReflectionException: Class App\Policies\ModelPolicy does not exist in Command line code:1
Stack trace:
#0 Command line code(1): ReflectionClass->__construct('App\\Policies\\Mo...')
#1 [internal function]: {closure}('App\\Policies\\Mo...', 'App\\Model')
#2 Command line code(1): array_map(Object(Closure), Array, Array)
#3 {main}
  thrown {"exception":"[object] (Symfony\\Component\\ErrorHandler\\Error\\FatalError(code: 0): Uncaught ReflectionException: Class App\\Policies\\ModelPolicy does not exist in Command line code:1
Stack trace:
#0 Command line code(1): ReflectionClass->__construct('App\\\\Policies\\\\Mo...')
#1 [internal function]: {closure}('App\\\\Policies\\\\Mo...', 'App\\\\Model')
#2 Command line code(1): array_map(Object(Closure), Array, Array)
#3 {main}
  thrown at Command line code:1)
[stacktrace]
#0 {main}
"} 
[2023-06-05 05:43:09] local.ERROR: Uncaught ReflectionException: Class App\Policies\ModelPolicy does not exist in Command line code:1
Stack trace:
#0 Command line code(1): ReflectionClass->__construct('App\\Policies\\Mo...')
#1 [internal function]: {closure}('App\\Policies\\Mo...', 'App\\Model')
#2 Command line code(1): array_map(Object(Closure), Array, Array)
#3 {main}
  thrown {"exception":"[object] (Symfony\\Component\\ErrorHandler\\Error\\FatalError(code: 0): Uncaught ReflectionException: Class App\\Policies\\ModelPolicy does not exist in Command line code:1
Stack trace:
#0 Command line code(1): ReflectionClass->__construct('App\\\\Policies\\\\Mo...')
#1 [internal function]: {closure}('App\\\\Policies\\\\Mo...', 'App\\\\Model')
#2 Command line code(1): array_map(Object(Closure), Array, Array)
#3 {main}
  thrown at Command line code:1)
[stacktrace]
#0 {main}
"} 
[2023-06-05 05:43:09] local.ERROR: Cannot redeclare media_url() (previously declared in C:\xampp\htdocs\themeqx-classifieds-v.5.0\app\helpers.php:17) {"exception":"[object] (Symfony\\Component\\ErrorHandler\\Error\\FatalError(code: 0): Cannot redeclare media_url() (previously declared in C:\\xampp\\htdocs\\themeqx-classifieds-v.5.0\\app\\helpers.php:17) at C:\\xampp\\htdocs\\themeqx-classifieds-v.5.0\\app\\helpers.php:42)
[stacktrace]
#0 {main}
"} 
[2023-06-05 05:44:09] local.ERROR: Uncaught ReflectionException: Class App\Policies\ModelPolicy does not exist in Command line code:1
Stack trace:
#0 Command line code(1): ReflectionClass->__construct('App\\Policies\\Mo...')
#1 [internal function]: {closure}('App\\Policies\\Mo...', 'App\\Model')
#2 Command line code(1): array_map(Object(Closure), Array, Array)
#3 {main}
  thrown {"exception":"[object] (Symfony\\Component\\ErrorHandler\\Error\\FatalError(code: 0): Uncaught ReflectionException: Class App\\Policies\\ModelPolicy does not exist in Command line code:1
Stack trace:
#0 Command line code(1): ReflectionClass->__construct('App\\\\Policies\\\\Mo...')
#1 [internal function]: {closure}('App\\\\Policies\\\\Mo...', 'App\\\\Model')
#2 Command line code(1): array_map(Object(Closure), Array, Array)
#3 {main}
  thrown at Command line code:1)
[stacktrace]
#0 {main}
"} 
[2023-06-05 05:44:09] local.ERROR: Cannot redeclare media_url() (previously declared in C:\xampp\htdocs\themeqx-classifieds-v.5.0\app\helpers.php:17) {"exception":"[object] (Symfony\\Component\\ErrorHandler\\Error\\FatalError(code: 0): Cannot redeclare media_url() (previously declared in C:\\xampp\\htdocs\\themeqx-classifieds-v.5.0\\app\\helpers.php:17) at C:\\xampp\\htdocs\\themeqx-classifieds-v.5.0\\app\\helpers.php:42)
[stacktrace]
#0 {main}
"} 
[2023-06-05 05:45:09] local.ERROR: Uncaught ReflectionException: Class App\Policies\ModelPolicy does not exist in Command line code:1
Stack trace:
#0 Command line code(1): ReflectionClass->__construct('App\\Policies\\Mo...')
#1 [internal function]: {closure}('App\\Policies\\Mo...', 'App\\Model')
#2 Command line code(1): array_map(Object(Closure), Array, Array)
#3 {main}
  thrown {"exception":"[object] (Symfony\\Component\\ErrorHandler\\Error\\FatalError(code: 0): Uncaught ReflectionException: Class App\\Policies\\ModelPolicy does not exist in Command line code:1
Stack trace:
#0 Command line code(1): ReflectionClass->__construct('App\\\\Policies\\\\Mo...')
#1 [internal function]: {closure}('App\\\\Policies\\\\Mo...', 'App\\\\Model')
#2 Command line code(1): array_map(Object(Closure), Array, Array)
#3 {main}
  thrown at Command line code:1)
[stacktrace]
#0 {main}
"} 
[2023-06-05 05:45:09] local.ERROR: Cannot redeclare media_url() (previously declared in C:\xampp\htdocs\themeqx-classifieds-v.5.0\app\helpers.php:17) {"exception":"[object] (Symfony\\Component\\ErrorHandler\\Error\\FatalError(code: 0): Cannot redeclare media_url() (previously declared in C:\\xampp\\htdocs\\themeqx-classifieds-v.5.0\\app\\helpers.php:17) at C:\\xampp\\htdocs\\themeqx-classifieds-v.5.0\\app\\helpers.php:42)
[stacktrace]
#0 {main}
"} 
[2023-06-05 05:46:09] local.ERROR: Uncaught ReflectionException: Class App\Policies\ModelPolicy does not exist in Command line code:1
Stack trace:
#0 Command line code(1): ReflectionClass->__construct('App\\Policies\\Mo...')
#1 [internal function]: {closure}('App\\Policies\\Mo...', 'App\\Model')
#2 Command line code(1): array_map(Object(Closure), Array, Array)
#3 {main}
  thrown {"exception":"[object] (Symfony\\Component\\ErrorHandler\\Error\\FatalError(code: 0): Uncaught ReflectionException: Class App\\Policies\\ModelPolicy does not exist in Command line code:1
Stack trace:
#0 Command line code(1): ReflectionClass->__construct('App\\\\Policies\\\\Mo...')
#1 [internal function]: {closure}('App\\\\Policies\\\\Mo...', 'App\\\\Model')
#2 Command line code(1): array_map(Object(Closure), Array, Array)
#3 {main}
  thrown at Command line code:1)
[stacktrace]
#0 {main}
"} 
[2023-06-05 05:46:09] local.ERROR: Cannot redeclare media_url() (previously declared in C:\xampp\htdocs\themeqx-classifieds-v.5.0\app\helpers.php:17) {"exception":"[object] (Symfony\\Component\\ErrorHandler\\Error\\FatalError(code: 0): Cannot redeclare media_url() (previously declared in C:\\xampp\\htdocs\\themeqx-classifieds-v.5.0\\app\\helpers.php:17) at C:\\xampp\\htdocs\\themeqx-classifieds-v.5.0\\app\\helpers.php:42)
[stacktrace]
#0 {main}
"} 
[2023-06-05 05:47:10] local.ERROR: Uncaught ReflectionException: Class App\Policies\ModelPolicy does not exist in Command line code:1
Stack trace:
#0 Command line code(1): ReflectionClass->__construct('App\\Policies\\Mo...')
#1 [internal function]: {closure}('App\\Policies\\Mo...', 'App\\Model')
#2 Command line code(1): array_map(Object(Closure), Array, Array)
#3 {main}
  thrown {"exception":"[object] (Symfony\\Component\\ErrorHandler\\Error\\FatalError(code: 0): Uncaught ReflectionException: Class App\\Policies\\ModelPolicy does not exist in Command line code:1
Stack trace:
#0 Command line code(1): ReflectionClass->__construct('App\\\\Policies\\\\Mo...')
#1 [internal function]: {closure}('App\\\\Policies\\\\Mo...', 'App\\\\Model')
#2 Command line code(1): array_map(Object(Closure), Array, Array)
#3 {main}
  thrown at Command line code:1)
[stacktrace]
#0 {main}
"} 
[2023-06-05 05:47:10] local.ERROR: Cannot redeclare media_url() (previously declared in C:\xampp\htdocs\themeqx-classifieds-v.5.0\app\helpers.php:17) {"exception":"[object] (Symfony\\Component\\ErrorHandler\\Error\\FatalError(code: 0): Cannot redeclare media_url() (previously declared in C:\\xampp\\htdocs\\themeqx-classifieds-v.5.0\\app\\helpers.php:17) at C:\\xampp\\htdocs\\themeqx-classifieds-v.5.0\\app\\helpers.php:42)
[stacktrace]
#0 {main}
"} 
[2023-06-05 05:48:10] local.ERROR: Cannot redeclare media_url() (previously declared in C:\xampp\htdocs\themeqx-classifieds-v.5.0\app\helpers.php:17) {"exception":"[object] (Symfony\\Component\\ErrorHandler\\Error\\FatalError(code: 0): Cannot redeclare media_url() (previously declared in C:\\xampp\\htdocs\\themeqx-classifieds-v.5.0\\app\\helpers.php:17) at C:\\xampp\\htdocs\\themeqx-classifieds-v.5.0\\app\\helpers.php:42)
[stacktrace]
#0 {main}
"} 
[2023-06-05 05:48:10] local.ERROR: Uncaught ReflectionException: Class App\Policies\ModelPolicy does not exist in Command line code:1
Stack trace:
#0 Command line code(1): ReflectionClass->__construct('App\\Policies\\Mo...')
#1 [internal function]: {closure}('App\\Policies\\Mo...', 'App\\Model')
#2 Command line code(1): array_map(Object(Closure), Array, Array)
#3 {main}
  thrown {"exception":"[object] (Symfony\\Component\\ErrorHandler\\Error\\FatalError(code: 0): Uncaught ReflectionException: Class App\\Policies\\ModelPolicy does not exist in Command line code:1
Stack trace:
#0 Command line code(1): ReflectionClass->__construct('App\\\\Policies\\\\Mo...')
#1 [internal function]: {closure}('App\\\\Policies\\\\Mo...', 'App\\\\Model')
#2 Command line code(1): array_map(Object(Closure), Array, Array)
#3 {main}
  thrown at Command line code:1)
[stacktrace]
#0 {main}
"} 
[2023-06-05 05:49:09] local.ERROR: Uncaught ReflectionException: Class App\Policies\ModelPolicy does not exist in Command line code:1
Stack trace:
#0 Command line code(1): ReflectionClass->__construct('App\\Policies\\Mo...')
#1 [internal function]: {closure}('App\\Policies\\Mo...', 'App\\Model')
#2 Command line code(1): array_map(Object(Closure), Array, Array)
#3 {main}
  thrown {"exception":"[object] (Symfony\\Component\\ErrorHandler\\Error\\FatalError(code: 0): Uncaught ReflectionException: Class App\\Policies\\ModelPolicy does not exist in Command line code:1
Stack trace:
#0 Command line code(1): ReflectionClass->__construct('App\\\\Policies\\\\Mo...')
#1 [internal function]: {closure}('App\\\\Policies\\\\Mo...', 'App\\\\Model')
#2 Command line code(1): array_map(Object(Closure), Array, Array)
#3 {main}
  thrown at Command line code:1)
[stacktrace]
#0 {main}
"} 
[2023-06-05 05:49:09] local.ERROR: Cannot redeclare media_url() (previously declared in C:\xampp\htdocs\themeqx-classifieds-v.5.0\app\helpers.php:17) {"exception":"[object] (Symfony\\Component\\ErrorHandler\\Error\\FatalError(code: 0): Cannot redeclare media_url() (previously declared in C:\\xampp\\htdocs\\themeqx-classifieds-v.5.0\\app\\helpers.php:17) at C:\\xampp\\htdocs\\themeqx-classifieds-v.5.0\\app\\helpers.php:42)
[stacktrace]
#0 {main}
"} 
[2023-06-05 05:50:09] local.ERROR: Cannot redeclare media_url() (previously declared in C:\xampp\htdocs\themeqx-classifieds-v.5.0\app\helpers.php:17) {"exception":"[object] (Symfony\\Component\\ErrorHandler\\Error\\FatalError(code: 0): Cannot redeclare media_url() (previously declared in C:\\xampp\\htdocs\\themeqx-classifieds-v.5.0\\app\\helpers.php:17) at C:\\xampp\\htdocs\\themeqx-classifieds-v.5.0\\app\\helpers.php:42)
[stacktrace]
#0 {main}
"} 
[2023-06-05 05:50:09] local.ERROR: Uncaught ReflectionException: Class App\Policies\ModelPolicy does not exist in Command line code:1
Stack trace:
#0 Command line code(1): ReflectionClass->__construct('App\\Policies\\Mo...')
#1 [internal function]: {closure}('App\\Policies\\Mo...', 'App\\Model')
#2 Command line code(1): array_map(Object(Closure), Array, Array)
#3 {main}
  thrown {"exception":"[object] (Symfony\\Component\\ErrorHandler\\Error\\FatalError(code: 0): Uncaught ReflectionException: Class App\\Policies\\ModelPolicy does not exist in Command line code:1
Stack trace:
#0 Command line code(1): ReflectionClass->__construct('App\\\\Policies\\\\Mo...')
#1 [internal function]: {closure}('App\\\\Policies\\\\Mo...', 'App\\\\Model')
#2 Command line code(1): array_map(Object(Closure), Array, Array)
#3 {main}
  thrown at Command line code:1)
[stacktrace]
#0 {main}
"} 
[2023-06-05 05:51:09] local.ERROR: Uncaught ReflectionException: Class App\Policies\ModelPolicy does not exist in Command line code:1
Stack trace:
#0 Command line code(1): ReflectionClass->__construct('App\\Policies\\Mo...')
#1 [internal function]: {closure}('App\\Policies\\Mo...', 'App\\Model')
#2 Command line code(1): array_map(Object(Closure), Array, Array)
#3 {main}
  thrown {"exception":"[object] (Symfony\\Component\\ErrorHandler\\Error\\FatalError(code: 0): Uncaught ReflectionException: Class App\\Policies\\ModelPolicy does not exist in Command line code:1
Stack trace:
#0 Command line code(1): ReflectionClass->__construct('App\\\\Policies\\\\Mo...')
#1 [internal function]: {closure}('App\\\\Policies\\\\Mo...', 'App\\\\Model')
#2 Command line code(1): array_map(Object(Closure), Array, Array)
#3 {main}
  thrown at Command line code:1)
[stacktrace]
#0 {main}
"} 
[2023-06-05 05:51:09] local.ERROR: Cannot redeclare media_url() (previously declared in C:\xampp\htdocs\themeqx-classifieds-v.5.0\app\helpers.php:17) {"exception":"[object] (Symfony\\Component\\ErrorHandler\\Error\\FatalError(code: 0): Cannot redeclare media_url() (previously declared in C:\\xampp\\htdocs\\themeqx-classifieds-v.5.0\\app\\helpers.php:17) at C:\\xampp\\htdocs\\themeqx-classifieds-v.5.0\\app\\helpers.php:42)
[stacktrace]
#0 {main}
"} 
[2023-06-05 05:52:09] local.ERROR: Uncaught ReflectionException: Class App\Policies\ModelPolicy does not exist in Command line code:1
Stack trace:
#0 Command line code(1): ReflectionClass->__construct('App\\Policies\\Mo...')
#1 [internal function]: {closure}('App\\Policies\\Mo...', 'App\\Model')
#2 Command line code(1): array_map(Object(Closure), Array, Array)
#3 {main}
  thrown {"exception":"[object] (Symfony\\Component\\ErrorHandler\\Error\\FatalError(code: 0): Uncaught ReflectionException: Class App\\Policies\\ModelPolicy does not exist in Command line code:1
Stack trace:
#0 Command line code(1): ReflectionClass->__construct('App\\\\Policies\\\\Mo...')
#1 [internal function]: {closure}('App\\\\Policies\\\\Mo...', 'App\\\\Model')
#2 Command line code(1): array_map(Object(Closure), Array, Array)
#3 {main}
  thrown at Command line code:1)
[stacktrace]
#0 {main}
"} 
[2023-06-05 05:52:09] local.ERROR: Cannot redeclare media_url() (previously declared in C:\xampp\htdocs\themeqx-classifieds-v.5.0\app\helpers.php:17) {"exception":"[object] (Symfony\\Component\\ErrorHandler\\Error\\FatalError(code: 0): Cannot redeclare media_url() (previously declared in C:\\xampp\\htdocs\\themeqx-classifieds-v.5.0\\app\\helpers.php:17) at C:\\xampp\\htdocs\\themeqx-classifieds-v.5.0\\app\\helpers.php:42)
[stacktrace]
#0 {main}
"} 
[2023-06-05 05:53:09] local.ERROR: Cannot redeclare media_url() (previously declared in C:\xampp\htdocs\themeqx-classifieds-v.5.0\app\helpers.php:17) {"exception":"[object] (Symfony\\Component\\ErrorHandler\\Error\\FatalError(code: 0): Cannot redeclare media_url() (previously declared in C:\\xampp\\htdocs\\themeqx-classifieds-v.5.0\\app\\helpers.php:17) at C:\\xampp\\htdocs\\themeqx-classifieds-v.5.0\\app\\helpers.php:42)
[stacktrace]
#0 {main}
"} 
[2023-06-05 05:53:09] local.ERROR: Uncaught ReflectionException: Class App\Policies\ModelPolicy does not exist in Command line code:1
Stack trace:
#0 Command line code(1): ReflectionClass->__construct('App\\Policies\\Mo...')
#1 [internal function]: {closure}('App\\Policies\\Mo...', 'App\\Model')
#2 Command line code(1): array_map(Object(Closure), Array, Array)
#3 {main}
  thrown {"exception":"[object] (Symfony\\Component\\ErrorHandler\\Error\\FatalError(code: 0): Uncaught ReflectionException: Class App\\Policies\\ModelPolicy does not exist in Command line code:1
Stack trace:
#0 Command line code(1): ReflectionClass->__construct('App\\\\Policies\\\\Mo...')
#1 [internal function]: {closure}('App\\\\Policies\\\\Mo...', 'App\\\\Model')
#2 Command line code(1): array_map(Object(Closure), Array, Array)
#3 {main}
  thrown at Command line code:1)
[stacktrace]
#0 {main}
"} 
[2023-06-05 05:54:09] local.ERROR: Cannot redeclare media_url() (previously declared in C:\xampp\htdocs\themeqx-classifieds-v.5.0\app\helpers.php:17) {"exception":"[object] (Symfony\\Component\\ErrorHandler\\Error\\FatalError(code: 0): Cannot redeclare media_url() (previously declared in C:\\xampp\\htdocs\\themeqx-classifieds-v.5.0\\app\\helpers.php:17) at C:\\xampp\\htdocs\\themeqx-classifieds-v.5.0\\app\\helpers.php:42)
[stacktrace]
#0 {main}
"} 
[2023-06-05 05:54:09] local.ERROR: Uncaught ReflectionException: Class App\Policies\ModelPolicy does not exist in Command line code:1
Stack trace:
#0 Command line code(1): ReflectionClass->__construct('App\\Policies\\Mo...')
#1 [internal function]: {closure}('App\\Policies\\Mo...', 'App\\Model')
#2 Command line code(1): array_map(Object(Closure), Array, Array)
#3 {main}
  thrown {"exception":"[object] (Symfony\\Component\\ErrorHandler\\Error\\FatalError(code: 0): Uncaught ReflectionException: Class App\\Policies\\ModelPolicy does not exist in Command line code:1
Stack trace:
#0 Command line code(1): ReflectionClass->__construct('App\\\\Policies\\\\Mo...')
#1 [internal function]: {closure}('App\\\\Policies\\\\Mo...', 'App\\\\Model')
#2 Command line code(1): array_map(Object(Closure), Array, Array)
#3 {main}
  thrown at Command line code:1)
[stacktrace]
#0 {main}
"} 
[2023-06-05 05:55:09] local.ERROR: Cannot redeclare media_url() (previously declared in C:\xampp\htdocs\themeqx-classifieds-v.5.0\app\helpers.php:17) {"exception":"[object] (Symfony\\Component\\ErrorHandler\\Error\\FatalError(code: 0): Cannot redeclare media_url() (previously declared in C:\\xampp\\htdocs\\themeqx-classifieds-v.5.0\\app\\helpers.php:17) at C:\\xampp\\htdocs\\themeqx-classifieds-v.5.0\\app\\helpers.php:42)
[stacktrace]
#0 {main}
"} 
[2023-06-05 05:55:09] local.ERROR: Uncaught ReflectionException: Class App\Policies\ModelPolicy does not exist in Command line code:1
Stack trace:
#0 Command line code(1): ReflectionClass->__construct('App\\Policies\\Mo...')
#1 [internal function]: {closure}('App\\Policies\\Mo...', 'App\\Model')
#2 Command line code(1): array_map(Object(Closure), Array, Array)
#3 {main}
  thrown {"exception":"[object] (Symfony\\Component\\ErrorHandler\\Error\\FatalError(code: 0): Uncaught ReflectionException: Class App\\Policies\\ModelPolicy does not exist in Command line code:1
Stack trace:
#0 Command line code(1): ReflectionClass->__construct('App\\\\Policies\\\\Mo...')
#1 [internal function]: {closure}('App\\\\Policies\\\\Mo...', 'App\\\\Model')
#2 Command line code(1): array_map(Object(Closure), Array, Array)
#3 {main}
  thrown at Command line code:1)
[stacktrace]
#0 {main}
"} 
[2023-06-05 05:56:09] local.ERROR: Uncaught ReflectionException: Class App\Policies\ModelPolicy does not exist in Command line code:1
Stack trace:
#0 Command line code(1): ReflectionClass->__construct('App\\Policies\\Mo...')
#1 [internal function]: {closure}('App\\Policies\\Mo...', 'App\\Model')
#2 Command line code(1): array_map(Object(Closure), Array, Array)
#3 {main}
  thrown {"exception":"[object] (Symfony\\Component\\ErrorHandler\\Error\\FatalError(code: 0): Uncaught ReflectionException: Class App\\Policies\\ModelPolicy does not exist in Command line code:1
Stack trace:
#0 Command line code(1): ReflectionClass->__construct('App\\\\Policies\\\\Mo...')
#1 [internal function]: {closure}('App\\\\Policies\\\\Mo...', 'App\\\\Model')
#2 Command line code(1): array_map(Object(Closure), Array, Array)
#3 {main}
  thrown at Command line code:1)
[stacktrace]
#0 {main}
"} 
[2023-06-05 05:56:09] local.ERROR: Cannot redeclare media_url() (previously declared in C:\xampp\htdocs\themeqx-classifieds-v.5.0\app\helpers.php:17) {"exception":"[object] (Symfony\\Component\\ErrorHandler\\Error\\FatalError(code: 0): Cannot redeclare media_url() (previously declared in C:\\xampp\\htdocs\\themeqx-classifieds-v.5.0\\app\\helpers.php:17) at C:\\xampp\\htdocs\\themeqx-classifieds-v.5.0\\app\\helpers.php:42)
[stacktrace]
#0 {main}
"} 
[2023-06-05 05:57:09] local.ERROR: Uncaught ReflectionException: Class App\Policies\ModelPolicy does not exist in Command line code:1
Stack trace:
#0 Command line code(1): ReflectionClass->__construct('App\\Policies\\Mo...')
#1 [internal function]: {closure}('App\\Policies\\Mo...', 'App\\Model')
#2 Command line code(1): array_map(Object(Closure), Array, Array)
#3 {main}
  thrown {"exception":"[object] (Symfony\\Component\\ErrorHandler\\Error\\FatalError(code: 0): Uncaught ReflectionException: Class App\\Policies\\ModelPolicy does not exist in Command line code:1
Stack trace:
#0 Command line code(1): ReflectionClass->__construct('App\\\\Policies\\\\Mo...')
#1 [internal function]: {closure}('App\\\\Policies\\\\Mo...', 'App\\\\Model')
#2 Command line code(1): array_map(Object(Closure), Array, Array)
#3 {main}
  thrown at Command line code:1)
[stacktrace]
#0 {main}
"} 
[2023-06-05 05:57:09] local.ERROR: Cannot redeclare media_url() (previously declared in C:\xampp\htdocs\themeqx-classifieds-v.5.0\app\helpers.php:17) {"exception":"[object] (Symfony\\Component\\ErrorHandler\\Error\\FatalError(code: 0): Cannot redeclare media_url() (previously declared in C:\\xampp\\htdocs\\themeqx-classifieds-v.5.0\\app\\helpers.php:17) at C:\\xampp\\htdocs\\themeqx-classifieds-v.5.0\\app\\helpers.php:42)
[stacktrace]
#0 {main}
"} 
[2023-06-05 05:58:09] local.ERROR: Cannot redeclare media_url() (previously declared in C:\xampp\htdocs\themeqx-classifieds-v.5.0\app\helpers.php:17) {"exception":"[object] (Symfony\\Component\\ErrorHandler\\Error\\FatalError(code: 0): Cannot redeclare media_url() (previously declared in C:\\xampp\\htdocs\\themeqx-classifieds-v.5.0\\app\\helpers.php:17) at C:\\xampp\\htdocs\\themeqx-classifieds-v.5.0\\app\\helpers.php:42)
[stacktrace]
#0 {main}
"} 
[2023-06-05 05:58:09] local.ERROR: Uncaught ReflectionException: Class App\Policies\ModelPolicy does not exist in Command line code:1
Stack trace:
#0 Command line code(1): ReflectionClass->__construct('App\\Policies\\Mo...')
#1 [internal function]: {closure}('App\\Policies\\Mo...', 'App\\Model')
#2 Command line code(1): array_map(Object(Closure), Array, Array)
#3 {main}
  thrown {"exception":"[object] (Symfony\\Component\\ErrorHandler\\Error\\FatalError(code: 0): Uncaught ReflectionException: Class App\\Policies\\ModelPolicy does not exist in Command line code:1
Stack trace:
#0 Command line code(1): ReflectionClass->__construct('App\\\\Policies\\\\Mo...')
#1 [internal function]: {closure}('App\\\\Policies\\\\Mo...', 'App\\\\Model')
#2 Command line code(1): array_map(Object(Closure), Array, Array)
#3 {main}
  thrown at Command line code:1)
[stacktrace]
#0 {main}
"} 
[2023-06-05 05:59:10] local.ERROR: Uncaught ReflectionException: Class App\Policies\ModelPolicy does not exist in Command line code:1
Stack trace:
#0 Command line code(1): ReflectionClass->__construct('App\\Policies\\Mo...')
#1 [internal function]: {closure}('App\\Policies\\Mo...', 'App\\Model')
#2 Command line code(1): array_map(Object(Closure), Array, Array)
#3 {main}
  thrown {"exception":"[object] (Symfony\\Component\\ErrorHandler\\Error\\FatalError(code: 0): Uncaught ReflectionException: Class App\\Policies\\ModelPolicy does not exist in Command line code:1
Stack trace:
#0 Command line code(1): ReflectionClass->__construct('App\\\\Policies\\\\Mo...')
#1 [internal function]: {closure}('App\\\\Policies\\\\Mo...', 'App\\\\Model')
#2 Command line code(1): array_map(Object(Closure), Array, Array)
#3 {main}
  thrown at Command line code:1)
[stacktrace]
#0 {main}
"} 
[2023-06-05 05:59:10] local.ERROR: Cannot redeclare media_url() (previously declared in C:\xampp\htdocs\themeqx-classifieds-v.5.0\app\helpers.php:17) {"exception":"[object] (Symfony\\Component\\ErrorHandler\\Error\\FatalError(code: 0): Cannot redeclare media_url() (previously declared in C:\\xampp\\htdocs\\themeqx-classifieds-v.5.0\\app\\helpers.php:17) at C:\\xampp\\htdocs\\themeqx-classifieds-v.5.0\\app\\helpers.php:42)
[stacktrace]
#0 {main}
"} 
[2023-06-05 06:25:33] local.ERROR: Uncaught ReflectionException: Class App\Policies\ModelPolicy does not exist in Command line code:1
Stack trace:
#0 Command line code(1): ReflectionClass->__construct('App\\Policies\\Mo...')
#1 [internal function]: {closure}('App\\Policies\\Mo...', 'App\\Model')
#2 Command line code(1): array_map(Object(Closure), Array, Array)
#3 {main}
  thrown {"exception":"[object] (Symfony\\Component\\ErrorHandler\\Error\\FatalError(code: 0): Uncaught ReflectionException: Class App\\Policies\\ModelPolicy does not exist in Command line code:1
Stack trace:
#0 Command line code(1): ReflectionClass->__construct('App\\\\Policies\\\\Mo...')
#1 [internal function]: {closure}('App\\\\Policies\\\\Mo...', 'App\\\\Model')
#2 Command line code(1): array_map(Object(Closure), Array, Array)
#3 {main}
  thrown at Command line code:1)
[stacktrace]
#0 {main}
"} 
[2023-06-05 06:25:33] local.ERROR: Cannot redeclare media_url() (previously declared in C:\xampp\htdocs\themeqx-classifieds-v.5.0\app\helpers.php:17) {"exception":"[object] (Symfony\\Component\\ErrorHandler\\Error\\FatalError(code: 0): Cannot redeclare media_url() (previously declared in C:\\xampp\\htdocs\\themeqx-classifieds-v.5.0\\app\\helpers.php:17) at C:\\xampp\\htdocs\\themeqx-classifieds-v.5.0\\app\\helpers.php:42)
[stacktrace]
#0 {main}
"} 
